Start testing: Nov 15 18:27 GMT
----------------------------------------------------------
1/3 Testing: SimpleParsing.ParsingSmallSet
1/3 Test: SimpleParsing.ParsingSmallSet
Command: "/home/julian/coding/Sy2CPP/build/overall_parsing_test" "--gtest_filter=SimpleParsing.ParsingSmallSet" "--gtest_also_run_disabled_tests"
Directory: /home/julian/coding/Sy2CPP/build
"SimpleParsing.ParsingSmallSet" start time: Nov 15 18:27 GMT
Output:
----------------------------------------------------------
Running main() from /home/julian/coding/Sy2CPP/build/_deps/googletest-src/googletest/src/gtest_main.cc
Note: Google Test filter = SimpleParsing.ParsingSmallSet
[==========] Running 1 test from 1 test suite.
[----------] Global test environment set-up.
[----------] 1 test from SimpleParsing
[ RUN      ] SimpleParsing.ParsingSmallSet
[       OK ] SimpleParsing.ParsingSmallSet (493 ms)
[----------] 1 test from SimpleParsing (493 ms total)

[----------] Global test environment tear-down
[==========] 1 test from 1 test suite ran. (493 ms total)
[  PASSED  ] 1 test.
<end of output>
Test time =   0.50 sec
----------------------------------------------------------
Test Passed.
"SimpleParsing.ParsingSmallSet" end time: Nov 15 18:27 GMT
"SimpleParsing.ParsingSmallSet" time elapsed: 00:00:00
----------------------------------------------------------

2/3 Testing: SimpleParsing.ParseLIATestSet
2/3 Test: SimpleParsing.ParseLIATestSet
Command: "/home/julian/coding/Sy2CPP/build/overall_parsing_test" "--gtest_filter=SimpleParsing.ParseLIATestSet" "--gtest_also_run_disabled_tests"
Directory: /home/julian/coding/Sy2CPP/build
"SimpleParsing.ParseLIATestSet" start time: Nov 15 18:27 GMT
Output:
----------------------------------------------------------
Running main() from /home/julian/coding/Sy2CPP/build/_deps/googletest-src/googletest/src/gtest_main.cc
Note: Google Test filter = SimpleParsing.ParseLIATestSet
[==========] Running 1 test from 1 test suite.
[----------] Global test environment set-up.
[----------] 1 test from SimpleParsing
[ RUN      ] SimpleParsing.ParseLIATestSet
[       OK ] SimpleParsing.ParseLIATestSet (2148 ms)
[----------] 1 test from SimpleParsing (2148 ms total)

[----------] Global test environment tear-down
[==========] 1 test from 1 test suite ran. (2148 ms total)
[  PASSED  ] 1 test.
<end of output>
Test time =   2.15 sec
----------------------------------------------------------
Test Passed.
"SimpleParsing.ParseLIATestSet" end time: Nov 15 18:27 GMT
"SimpleParsing.ParseLIATestSet" time elapsed: 00:00:02
----------------------------------------------------------

3/3 Testing: SimpleParsing.ParseBVTestSet
3/3 Test: SimpleParsing.ParseBVTestSet
Command: "/home/julian/coding/Sy2CPP/build/overall_parsing_test" "--gtest_filter=SimpleParsing.ParseBVTestSet" "--gtest_also_run_disabled_tests"
Directory: /home/julian/coding/Sy2CPP/build
"SimpleParsing.ParseBVTestSet" start time: Nov 15 18:27 GMT
Output:
----------------------------------------------------------
Running main() from /home/julian/coding/Sy2CPP/build/_deps/googletest-src/googletest/src/gtest_main.cc
Note: Google Test filter = SimpleParsing.ParseBVTestSet
[==========] Running 1 test from 1 test suite.
[----------] Global test environment set-up.
[----------] 1 test from SimpleParsing
[ RUN      ] SimpleParsing.ParseBVTestSet
[       OK ] SimpleParsing.ParseBVTestSet (5944 ms)
[----------] 1 test from SimpleParsing (5944 ms total)

[----------] Global test environment tear-down
[==========] 1 test from 1 test suite ran. (5944 ms total)
[  PASSED  ] 1 test.
<end of output>
Test time =   5.95 sec
----------------------------------------------------------
Test Passed.
"SimpleParsing.ParseBVTestSet" end time: Nov 15 18:27 GMT
"SimpleParsing.ParseBVTestSet" time elapsed: 00:00:05
----------------------------------------------------------

End testing: Nov 15 18:27 GMT
